[    0.000000] Initializing cgroup subsys cpuset
[    0.000000] Initializing cgroup subsys cpu
[    0.000000] Initializing cgroup subsys cpuacct
[    0.000000] Linux version 4.4.0-104-generic (buildd@lgw01-amd64-022) (gcc version 5.4.0 20160609 (Ubuntu 5.4.0-6ubuntu1~16.04.5) ) #127-Ubuntu SMP Mon Dec 11 12:16:42 UTC 2017 (Ubuntu 4.4.0-104.127-generic 4.4.98)
[    0.000000] Command line: BOOT_IMAGE=/boot/vmlinuz-4.4.0-104-generic root=UUID=743b1402-d445-494c-af0b-749040bb33e4 ro console=tty1 console=ttyS0
[    0.000000] KERNEL supported cpus:
[    0.000000]   Intel GenuineIntel
[    0.000000]   AMD AuthenticAMD
[    0.000000]   Centaur CentaurHauls
[    0.000000] x86/fpu: xstate_offset[2]:  576, xstate_sizes[2]:  256
[    0.000000] x86/fpu: Supporting XSAVE feature 0x01: 'x87 floating point registers'
[    0.000000] x86/fpu: Supporting XSAVE feature 0x02: 'SSE registers'
[    0.000000] x86/fpu: Supporting XSAVE feature 0x04: 'AVX registers'
[    0.000000] x86/fpu: Enabled xstate features 0x7, context size is 832 bytes, using 'standard' format.
[    0.000000] x86/fpu: Using 'lazy' FPU context switches.
[    0.000000] e820: BIOS-provided physical RAM map:
[    0.000000] BIOS-e820: [mem 0x0000000000000000-0x000000000009fbff] usable
[    0.000000] BIOS-e820: [mem 0x000000000009fc00-0x000000000009ffff] reserved
[    0.000000] BIOS-e820: [mem 0x00000000000f0000-0x00000000000fffff] reserved
[    0.000000] BIOS-e820: [mem 0x0000000000100000-0x000000003ffeffff] usable
[    0.000000] BIOS-e820: [mem 0x000000003fff0000-0x000000003fffffff] ACPI data
[    0.000000] BIOS-e820: [mem 0x00000000fec00000-0x00000000fec00fff] reserved
[    0.000000] BIOS-e820: [mem 0x00000000fee00000-0x00000000fee00fff] reserved
[    0.000000] BIOS-e820: [mem 0x00000000fffc0000-0x00000000ffffffff] reserved
[    0.000000] NX (Execute Disable) protection: active
[    0.000000] SMBIOS 2.5 present.
[    0.000000] Hypervisor detected: KVM
[    0.000000] e820: last_pfn = 0x3fff0 max_arch_pfn = 0x400000000
[    0.000000] MTRR: Disabled
[    0.000000] x86/PAT: MTRRs disabled, skipping PAT initialization too.
[    0.000000] CPU MTRRs all blank - virtualized system.
[    0.000000] x86/PAT: Configuration [0-7]: WB  WT  UC- UC  WB  WT  UC- UC  
[    0.000000] found SMP MP-table at [mem 0x0009fff0-0x0009ffff] mapped at [ffff88000009fff0]
[    0.000000] Scanning 1 areas for low memory corruption
[    0.000000] RAMDISK: [mem 0x36232000-0x37110fff]
[    0.000000] ACPI: Early table checksum verification disabled
[    0.000000] ACPI: RSDP 0x00000000000E0000 000024 (v02 VBOX  )
[    0.000000] ACPI: XSDT 0x000000003FFF0030 00003C (v01 VBOX   VBOXXSDT 00000001 ASL  00000061)
[    0.000000] ACPI: FACP 0x000000003FFF00F0 0000F4 (v04 VBOX   VBOXFACP 00000001 ASL  00000061)
[    0.000000] ACPI: DSDT 0x000000003FFF0470 0021FF (v02 VBOX   VBOXBIOS 00000002 INTL 20100528)
[    0.000000] ACPI: FACS 0x000000003FFF0200 000040
[    0.000000] ACPI: FACS 0x000000003FFF0200 000040
[    0.000000] ACPI: APIC 0x000000003FFF0240 00005C (v02 VBOX   VBOXAPIC 00000001 ASL  00000061)
[    0.000000] ACPI: SSDT 0x000000003FFF02A0 0001CC (v01 VBOX   VBOXCPUT 00000002 INTL 20100528)
[    0.000000] No NUMA configuration found
[    0.000000] Faking a node at [mem 0x0000000000000000-0x000000003ffeffff]
[    0.000000] NODE_DATA(0) allocated [mem 0x3ffeb000-0x3ffeffff]
[    0.000000] kvm-clock: Using msrs 4b564d01 and 4b564d00
[    0.000000] kvm-clock: cpu 0, msr 0:3ffe3001, primary cpu clock
[    0.000000] kvm-clock: using sched offset of 24130630980 cycles
[    0.000000] clocksource: kvm-clock: mask: 0xffffffffffffffff max_cycles: 0x1cd42e4dffb, max_idle_ns: 881590591483 ns
[    0.000000] Zone ranges:
[    0.000000]   DMA      [mem 0x0000000000001000-0x0000000000ffffff]
[    0.000000]   DMA32    [mem 0x0000000001000000-0x000000003ffeffff]
[    0.000000]   Normal   empty
[    0.000000]   Device   empty
[    0.000000] Movable zone start for each node
[    0.000000] Early memory node ranges
[    0.000000]   node   0: [mem 0x0000000000001000-0x000000000009efff]
[    0.000000]   node   0: [mem 0x0000000000100000-0x000000003ffeffff]
[    0.000000] Initmem setup node 0 [mem 0x0000000000001000-0x000000003ffeffff]
[    0.000000] ACPI: PM-Timer IO Port: 0x4008
[    0.000000] IOAPIC[0]: apic_id 2, version 32, address 0xfec00000, GSI 0-23
[    0.000000] ACPI: INT_SRC_OVR (bus 0 bus_irq 0 global_irq 2 dfl dfl)
[    0.000000] ACPI: INT_SRC_OVR (bus 0 bus_irq 9 global_irq 9 high level)
[    0.000000] Using ACPI (MADT) for SMP configuration information
[    0.000000] smpboot: Allowing 2 CPUs, 0 hotplug CPUs
[    0.000000] PM: Registered nosave memory: [mem 0x00000000-0x00000fff]
[    0.000000] PM: Registered nosave memory: [mem 0x0009f000-0x0009ffff]
[    0.000000] PM: Registered nosave memory: [mem 0x000a0000-0x000effff]
[    0.000000] PM: Registered nosave memory: [mem 0x000f0000-0x000fffff]
[    0.000000] e820: [mem 0x40000000-0xfebfffff] available for PCI devices
[    0.000000] Booting paravirtualized kernel on KVM
[    0.000000] clocksource: refined-jiffies: mask: 0xffffffff max_cycles: 0xffffffff, max_idle_ns: 7645519600211568 ns
[    0.000000] setup_percpu: NR_CPUS:512 nr_cpumask_bits:512 nr_cpu_ids:2 nr_node_ids:1
[    0.000000] PERCPU: Embedded 33 pages/cpu @ffff88003fc00000 s98200 r8192 d28776 u1048576
[    0.000000] PV qspinlock hash table entries: 256 (order: 0, 4096 bytes)
[    0.000000] Built 1 zonelists in Node order, mobility grouping on.  Total pages: 257913
[    0.000000] Policy zone: DMA32
[    0.000000] Kernel command line: BOOT_IMAGE=/boot/vmlinuz-4.4.0-104-generic root=UUID=743b1402-d445-494c-af0b-749040bb33e4 ro console=tty1 console=ttyS0
[    0.000000] PID hash table entries: 4096 (order: 3, 32768 bytes)
[    0.000000] Memory: 997344K/1048120K available (8485K kernel code, 1295K rwdata, 3988K rodata, 1492K init, 1316K bss, 50776K reserved, 0K cma-reserved)
[    0.000000] SLUB: HWalign=64, Order=0-3, MinObjects=0, CPUs=2, Nodes=1
[    0.000000] Hierarchical RCU implementation.
[    0.000000] 	Build-time adjustment of leaf fanout to 64.
[    0.000000] 	RCU restricting CPUs from NR_CPUS=512 to nr_cpu_ids=2.
[    0.000000] RCU: Adjusting geometry for rcu_fanout_leaf=64, nr_cpu_ids=2
[    0.000000] NR_IRQS:33024 nr_irqs:440 16
[    0.000000] Console: colour VGA+ 80x25
[    0.000000] console [tty1] enabled
[    0.000000] console [ttyS0] enabled
[    0.000000] tsc: Detected 3392.294 MHz processor
[   15.202345] Calibrating delay loop (skipped) preset value.. 6784.58 BogoMIPS (lpj=13569176)
[   15.285895] pid_max: default: 32768 minimum: 301
[   15.389847] ACPI: Core revision 20150930
[   15.468242] ACPI: 2 ACPI AML tables successfully acquired and loaded
[   15.619690] Security Framework initialized
[   15.729818] Yama: becoming mindful.
[   15.819296] AppArmor: AppArmor initialized
[   15.922360] Dentry cache hash table entries: 131072 (order: 8, 1048576 bytes)
[   16.137601] Inode-cache hash table entries: 65536 (order: 7, 524288 bytes)
[   16.285213] Mount-cache hash table entries: 2048 (order: 2, 16384 bytes)
[   16.456585] Mountpoint-cache hash table entries: 2048 (order: 2, 16384 bytes)
[   16.480184] Initializing cgroup subsys io
[   16.576884] Initializing cgroup subsys memory
[   16.684447] Initializing cgroup subsys devices
[   16.802931] Initializing cgroup subsys freezer
[   16.923959] Initializing cgroup subsys net_cls
[   17.018972] Initializing cgroup subsys perf_event
[   17.132079] Initializing cgroup subsys net_prio
[   17.227025] Initializing cgroup subsys hugetlb
[   17.344982] Initializing cgroup subsys pids
[   17.351735] CPU: Physical Processor ID: 0
[   17.440001] CPU: Processor Core ID: 0
[   17.523238] mce: CPU supports 0 MCE banks
[   17.581591] Last level iTLB entries: 4KB 512, 2MB 8, 4MB 8
[   17.653713] Last level dTLB entries: 4KB 512, 2MB 32, 4MB 32, 1GB 0
[   17.811499] Freeing SMP alternatives memory: 32K
[   17.945429] ftrace: allocating 32158 entries in 126 pages
[   18.158314] smpboot: APIC(0) Converting physical 0 to logical package 0
[   18.341745] smpboot: Max logical packages: 1
[   18.433462] x2apic enabled
[   18.501835] Switched APIC routing to physical x2apic.
[   18.638668] ..TIMER: vector=0x30 apic1=0 pin1=2 apic2=-1 pin2=-1
[   18.911397] smpboot: CPU0: Intel(R) Core(TM) i7-3770 CPU @ 3.40GHz (family: 0x6, model: 0x3a, stepping: 0x9)
[   19.171621] Performance Events: unsupported p6 CPU model 58 no PMU driver, software events only.
[   19.346452] KVM setup paravirtual spinlock
[   19.449817] x86: Booting SMP configuration:
[   19.557824] .... node  #0, CPUs:      #1
[   19.653745] kvm-clock: cpu 1, msr 0:3ffe3041, secondary cpu clock
[   19.790796] mce: CPU supports 0 MCE banks
[   19.893003] x86: Booted up 1 node, 2 CPUs
[   19.991543] smpboot: Total of 2 processors activated (13569.17 BogoMIPS)
[   20.162897] devtmpfs: initialized
[   20.235673] evm: security.selinux
[   20.317848] evm: security.SMACK64
[   20.403387] evm: security.SMACK64EXEC
[   20.505834] evm: security.SMACK64TRANSMUTE
[   20.575375] evm: security.SMACK64MMAP
[   20.654708] evm: security.ima
[   20.712868] evm: security.capability
[   20.820150] clocksource: jiffies: mask: 0xffffffff max_cycles: 0xffffffff, max_idle_ns: 7645041785100000 ns
[   21.048760] futex hash table entries: 512 (order: 3, 32768 bytes)
[   21.189666] pinctrl core: initialized pinctrl subsystem
[   21.307707] RTC time:  9:56:01, date: 12/28/17
[   21.410375] NET: Registered protocol family 16
[   21.536733] cpuidle: using governor ladder
[   21.628232] cpuidle: using governor menu
[   21.718017] PCCT header not found.
[   21.809594] ACPI: bus type PCI registered
[   21.935574] acpiphp: ACPI Hot Plug PCI Controller Driver version: 0.5
[   22.100325] PCI: Using configuration type 1 for base access
[   22.229353] ACPI: Added _OSI(Module Device)
[   22.343630] ACPI: Added _OSI(Processor Device)
[   22.457131] ACPI: Added _OSI(3.0 _SCP Extensions)
[   22.568654] ACPI: Added _OSI(Processor Aggregator Device)
[   22.670770] ACPI: Executed 1 blocks of module-level executable AML code
[   22.752844] ACPI: Interpreter enabled
[   22.847698] ACPI: (supports S0 S5)
[   22.922260] ACPI: Using IOAPIC for interrupt routing
[   23.044921] PCI: Using host bridge windows from ACPI; if necessary, use "pci=nocrs" and report a bug
[   23.292536] ACPI: PCI Root Bridge [PCI0] (domain 0000 [bus 00-ff])
[   23.442331] acpi PNP0A03:00: _OSC: OS supports [ASPM ClockPM Segments MSI]
[   23.593855] acpi PNP0A03:00: _OSC: not requesting OS control; OS requires [ExtendedConfig ASPM ClockPM MSI]
[   23.721430] acpi PNP0A03:00: fail to add MMCONFIG information, can't access extended PCI configuration space under this bridge.
[   23.888449] PCI host bridge to bus 0000:00
[   23.984393] pci_bus 0000:00: root bus resource [io  0x0000-0x0cf7 window]
[   24.154400] pci_bus 0000:00: root bus resource [io  0x0d00-0xffff window]
[   24.284431] pci_bus 0000:00: root bus resource [mem 0x000a0000-0x000bffff window]
[   24.457626] pci_bus 0000:00: root bus resource [mem 0x40000000-0xffdfffff window]
[   24.675214] pci_bus 0000:00: root bus resource [bus 00-ff]
[   24.748288] pci 0000:00:01.1: legacy IDE quirk: reg 0x10: [io  0x01f0-0x01f7]
[   24.800845] pci 0000:00:01.1: legacy IDE quirk: reg 0x14: [io  0x03f6]
[   24.806803] pci 0000:00:01.1: legacy IDE quirk: reg 0x18: [io  0x0170-0x0177]
[   24.939270] pci 0000:00:01.1: legacy IDE quirk: reg 0x1c: [io  0x0376]
[   25.032743] pci 0000:00:07.0: quirk: [io  0x4000-0x403f] claimed by PIIX4 ACPI
[   25.213798] pci 0000:00:07.0: quirk: [io  0x4100-0x410f] claimed by PIIX4 SMB
[   25.384498] ACPI: PCI Interrupt Link [LNKA] (IRQs 5 9 10 *11)
[   25.524352] ACPI: PCI Interrupt Link [LNKB] (IRQs 5 9 10 *11)
[   25.662702] ACPI: PCI Interrupt Link [LNKC] (IRQs 5 9 *10 11)
[   25.684637] ACPI: PCI Interrupt Link [LNKD] (IRQs 5 *9 10 11)
[   25.804762] ACPI: Enabled 2 GPEs in block 00 to 07
[   25.897178] vgaarb: setting as boot device: PCI:0000:00:02.0
[   25.990596] vgaarb: device added: PCI:0000:00:02.0,decodes=io+mem,owns=io+mem,locks=none
[   26.145380] vgaarb: loaded
[   26.220127] vgaarb: bridge control possible 0000:00:02.0
[   26.357867] SCSI subsystem initialized
[   26.462737] ACPI: bus type USB registered
[   26.554227] usbcore: registered new interface driver usbfs
[   26.697738] usbcore: registered new interface driver hub
[   26.822785] usbcore: registered new device driver usb
[   26.862989] PCI: Using ACPI for IRQ routing
[   26.921956] NetLabel: Initializing
[   26.987689] NetLabel:  domain hash size = 128
[   27.078205] NetLabel:  protocols = UNLABELED CIPSOv4
[   27.182769] NetLabel:  unlabeled traffic allowed by default
[   27.313958] amd_nb: Cannot enumerate AMD northbridges
[   27.427841] clocksource: Switched to clocksource kvm-clock
[   27.589783] AppArmor: AppArmor Filesystem Enabled
[   27.723883] pnp: PnP ACPI init
[   27.820011] pnp: PnP ACPI: found 3 devices
[   27.950804] clocksource: acpi_pm: mask: 0xffffff max_cycles: 0xffffff, max_idle_ns: 2085701024 ns
[   28.205220] NET: Registered protocol family 2
[   28.326065] TCP established hash table entries: 8192 (order: 4, 65536 bytes)
[   28.538526] TCP bind hash table entries: 8192 (order: 5, 131072 bytes)
[   28.751005] TCP: Hash tables configured (established 8192 bind 8192)
[   28.934539] UDP hash table entries: 512 (order: 2, 16384 bytes)
[   29.113056] UDP-Lite hash table entries: 512 (order: 2, 16384 bytes)
[   29.302597] NET: Registered protocol family 1
[   29.440046] pci 0000:00:00.0: Limiting direct PCI/PCI transfers
[   29.616126] pci 0000:00:01.0: Activating ISA DMA hang workarounds
[   29.796032] Unpacking initramfs...
[   30.067384] Freeing initrd memory: 15228K
[   30.180177] RAPL PMU detected, API unit is 2^-32 Joules, 3 fixed counters 10737418240 ms ovfl timer
[   30.337946] hw unit of domain pp0-core 2^-0 Joules
[   30.420133] hw unit of domain package 2^-0 Joules
[   30.514659] hw unit of domain pp1-gpu 2^-0 Joules
[   30.659233] platform rtc_cmos: registered platform RTC device (no PNP device found)
[   30.904552] Scanning for low memory corruption every 60 seconds
[   31.058142] audit: initializing netlink subsys (disabled)
[   31.096918] audit: type=2000 audit(1514454970.670:1): initialized
[   31.224591] Initialise system trusted keyring
[   31.361917] HugeTLB registered 2 MB page size, pre-allocated 0 pages
[   31.586437] zbud: loaded
[   31.674739] tsc: Refined TSC clocksource calibration: 3393.101 MHz
[   31.773843] clocksource: tsc: mask: 0xffffffffffffffff max_cycles: 0x30e8d9e1a4f, max_idle_ns: 440795360949 ns
[   31.774072] VFS: Disk quotas dquot_6.6.0
[   31.774098] VFS: Dquot-cache hash table entries: 512 (order 0, 4096 bytes)
[   31.774290] squashfs: version 4.0 (2009/01/31) Phillip Lougher
[   31.964769] fuse init (API version 7.23)
[   31.964899] Key type big_key registered
[   31.964918] Allocating IMA MOK and blacklist keyrings.
[   31.965110] Key type asymmetric registered
[   31.965112] Asymmetric key parser 'x509' registered
[   31.965140] Block layer SCSI generic (bsg) driver version 0.4 loaded (major 249)
[   31.965165] io scheduler noop registered
[   31.965167] io scheduler deadline registered (default)
[   31.965189] io scheduler cfq registered
[   31.965255] pci_hotplug: PCI Hot Plug PCI Core version: 0.5
[   31.965259] pciehp: PCI Express Hot Plug Controller Driver version: 0.4
[   31.965366] ACPI: AC Adapter [AC] (on-line)
[   31.965406] input: Power Button as /devices/LNXSYSTM:00/LNXPWRBN:00/input/input0
[   31.965408] ACPI: Power Button [PWRF]
[   31.965478] input: Sleep Button as /devices/LNXSYSTM:00/LNXSLPBN:00/input/input1
[   31.965480] ACPI: Sleep Button [SLPF]
[   31.965593] GHES: HEST is not enabled!
[   31.965653] Serial: 8250/16550 driver, 32 ports, IRQ sharing enabled
[   32.079670] 00:02: ttyS0 at I/O 0x3f8 (irq = 4, base_baud = 115200) is a 16550A
[   32.133197] Linux agpgart interface v0.103
[   32.319775] loop: module loaded
[   32.320270] scsi host0: ata_piix
[   32.320316] scsi host1: ata_piix
[   32.320340] ata1: PATA max UDMA/33 cmd 0x1f0 ctl 0x3f6 bmdma 0xd000 irq 14
[   32.320340] ata2: PATA max UDMA/33 cmd 0x170 ctl 0x376 bmdma 0xd008 irq 15
[   32.320400] libphy: Fixed MDIO Bus: probed
[   32.320402] tun: Universal TUN/TAP device driver, 1.6
[   32.320402] tun: (C) 1999-2004 Max Krasnyansky <maxk@qualcomm.com>
[   32.320700] PPP generic driver version 2.4.2
[   32.320744] ehci_hcd: USB 2.0 'Enhanced' Host Controller (EHCI) Driver
[   32.320748] ehci-pci: EHCI PCI platform driver
[   32.320755] ehci-platform: EHCI generic platform driver
[   32.320760] ohci_hcd: USB 1.1 'Open' Host Controller (OHCI) Driver
[   32.320763] ohci-pci: OHCI PCI platform driver
[   32.320769] ohci-platform: OHCI generic platform driver
[   32.320774] uhci_hcd: USB Universal Host Controller Interface driver
[   32.320814] i8042: PNP: PS/2 Controller [PNP0303:PS2K,PNP0f03:PS2M] at 0x60,0x64 irq 1,12
[   32.321211] serio: i8042 KBD port at 0x60,0x64 irq 1
[   32.321214] serio: i8042 AUX port at 0x60,0x64 irq 12
[   32.321287] mousedev: PS/2 mouse device common for all mice
[   32.321545] input: AT Translated Set 2 keyboard as /devices/platform/i8042/serio0/input/input2
[   32.321811] rtc_cmos rtc_cmos: rtc core: registered rtc_cmos as rtc0
[   32.321855] rtc_cmos rtc_cmos: alarms up to one day, 114 bytes nvram
[   32.321859] i2c /dev entries driver
[   32.321894] device-mapper: uevent: version 1.0.3
[   32.321932] device-mapper: ioctl: 4.34.0-ioctl (2015-10-28) initialised: dm-devel@redhat.com
[   32.321944] ledtrig-cpu: registered to indicate activity on CPUs
[   32.322381] NET: Registered protocol family 10
[   32.322483] NET: Registered protocol family 17
[   32.322491] Key type dns_resolver registered
[   32.322627] microcode: CPU0 sig=0x306a9, pf=0x2, revision=0x19
[   32.423831] microcode: CPU1 sig=0x306a9, pf=0x2, revision=0x19
[   32.423878] microcode: Microcode Update Driver: v2.01 <tigran@aivazian.fsnet.co.uk>, Peter Oruba
[   32.423970] registered taskstats version 1
[   32.423984] Loading compiled-in X.509 certificates
[   32.424597] Loaded X.509 cert 'Build time autogenerated kernel key: 8537ad706776f532219d7336343c968b9f82f7c7'
[   32.424610] zswap: loaded using pool lzo/zbud
[   32.425729] Key type trusted registered
[   32.427479] Key type encrypted registered
[   32.427482] AppArmor: AppArmor sha1 policy hashing enabled
[   32.427484] ima: No TPM chip found, activating TPM-bypass!
[   32.427497] evm: HMAC attrs: 0x1
[   32.427709]   Magic number: 13:984:930
[   32.579925] rtc_cmos rtc_cmos: setting system clock to 2017-12-28 09:56:12 UTC (1514454972)
[   32.580101] BIOS EDD facility v0.16 2004-Jun-25, 0 devices found
[   32.580101] EDD information not available.
[   38.840543] Freeing unused kernel memory: 1492K
[   38.972244] Write protecting the kernel read-only data: 14336k
[   39.124902] Freeing unused kernel memory: 1744K
[   39.219547] Freeing unused kernel memory: 108K
Loading, please [   39.350976] random: systemd-udevd: uninitialized urandom read (16 bytes read, 4 bits of entropy available)
wait...
startin[   39.351370] random: udevadm: uninitialized urandom read (16 bytes read, 4 bits of entropy available)
g version 229
[   39.351386] random: udevadm: uninitialized urandom read (16 bytes read, 4 bits of entropy available)
[   39.356810] random: udevadm: uninitialized urandom read (16 bytes read, 4 bits of entropy available)
[   39.356837] random: udevadm: uninitialized urandom read (16 bytes read, 4 bits of entropy available)
[   39.356961] random: udevadm: uninitialized urandom read (16 bytes read, 4 bits of entropy available)
[   39.356997] random: udevadm: uninitialized urandom read (16 bytes read, 4 bits of entropy available)
[   39.357030] random: udevadm: uninitialized urandom read (16 bytes read, 4 bits of entropy available)
[   39.357063] random: udevadm: uninitialized urandom read (16 bytes read, 4 bits of entropy available)
[   39.357096] random: udevadm: uninitialized urandom read (16 bytes read, 4 bits of entropy available)
[   41.492002] e1000: Intel(R) PRO/1000 Network Driver - version 7.3.21-k8-NAPI
[   41.660713] e1000: Copyright (c) 1999-2006 Intel Corporation.
[   41.753767] Fusion MPT base driver 3.04.20
[   41.824564] Copyright (c) 1999-2008 LSI Corporation
[   41.961344] input: ImExPS/2 Generic Explorer Mouse as /devices/platform/i8042/serio1/input/input4
[   42.172337] Fusion MPT SPI Host driver 3.04.20
[   42.330293] AVX version of gcm_enc/dec engaged.
[   42.459675] AES CTR mode by8 optimization enabled
[   42.803660] e1000 0000:00:03.0 eth0: (PCI:33MHz:32-bit) 02:63:8e:2c:ef:cd
[   42.960801] e1000 0000:00:03.0 eth0: Intel(R) PRO/1000 Network Connection
[   43.152141] e1000 0000:00:03.0 enp0s3: renamed from eth0
[   43.267789] mptbase: ioc0: Initiating bringup
[   43.408835] ioc0: LSI53C1030 A0: Capabilities={Initiator}
[   43.615080] scsi host2: ioc0: LSI53C1030 A0, FwRev=00000000h, Ports=1, MaxQ=256, IRQ=20
[   43.876774] scsi 2:0:0:0: Direct-Access     VBOX     HARDDISK         1.0  PQ: 0 ANSI: 5
[   44.105164] scsi target2:0:0: Beginning Domain Validation
[   44.234252] scsi target2:0:0: Domain Validation skipping write tests
[   44.429011] scsi target2:0:0: Ending Domain Validation
[   44.554104] scsi target2:0:0: asynchronous
[   44.585870] scsi 2:0:1:0: Direct-Access     VBOX     HARDDISK         1.0  PQ: 0 ANSI: 5
[   44.808253] scsi target2:0:1: Beginning Domain Validation
[   44.884017] floppy0: no floppy controllers found
[   44.936253] scsi target2:0:1: Domain Validation skipping write tests
[   45.092051] scsi target2:0:1: Ending Domain Validation
[   45.216725] scsi target2:0:1: asynchronous
[   45.350005] sd 2:0:0:0: [sda] 20971520 512-byte logical blocks: (10.7 GB/10.0 GiB)
[   45.413938] sd 2:0:0:0: Attached scsi generic sg0 type 0
[   45.540109] sd 2:0:1:0: [sdb] 20480 512-byte logical blocks: (10.5 MB/10.0 MiB)
[   45.540125] sd 2:0:0:0: [sda] Write Protect is off
[   45.866275] sd 2:0:1:0: [sdb] Write Protect is off
[   45.866302] sd 2:0:0:0: [sda] Incomplete mode parameter data
[   45.866303] sd 2:0:0:0: [sda] Assuming drive cache: write through
[   45.866321] sd 2:0:1:0: Attached scsi generic sg1 type 0
[   46.330434] sd 2:0:1:0: [sdb] Incomplete mode parameter data
[   46.475694] sd 2:0:1:0: [sdb] Assuming drive cache: write through
[   46.524227]  sda: sda1
[   46.595457] sd 2:0:0:0: [sda] Attached SCSI disk
[   46.646904] sd 2:0:1:0: [sdb] Attached SCSI disk
Begin: Loading e[   48.282292] md: linear personality registered for level -1
ssential drivers[   48.337113] md: multipath personality registered for level -4
 ... [   48.362182] md: raid0 personality registered for level 0
[   48.406343] md: raid1 personality registered for level 1
[   48.516083] raid6: sse2x1   gen()  9737 MB/s
[   48.688140] raid6: sse2x1   xor()  7726 MB/s
[   48.876133] raid6: sse2x2   gen() 12054 MB/s
[   49.064187] raid6: sse2x2   xor()  8603 MB/s
[   49.176173] raid6: sse2x4   gen() 13945 MB/s
[   49.344224] raid6: sse2x4   xor() 10314 MB/s
[   49.440554] raid6: using algorithm sse2x4 gen() 13945 MB/s
[   49.577618] raid6: .... xor() 10314 MB/s, rmw enabled
[   49.721077] raid6: using ssse3x2 recovery algorithm
[   49.866885] xor: automatically using best checksumming function:
[   50.088309]    avx       : 22154.000 MB/sec
[   50.163006] async_tx: api initialized (async)
[   50.215632] md: raid6 personality registered for level 6
[   50.274551] md: raid5 personality registered for level 5
[   50.395216] md: raid4 personality registered for level 4
[   50.539241] md: raid10 personality registered for level 10
done.
Begin: Running /scripts/init-pre[   50.713260] Btrfs loaded
mount ... done.
Begin: Mounting root file system ... Begin: Running /scripts/local-top ... done[   50.882934] EXT4-fs (sda1): INFO: recovery required on readonly filesystem
.
Begin: Runnin[   51.091987] EXT4-fs (sda1): write access will be enabled during recovery
g /scripts/local-premount ... Scanning for Btrfs filesystems
done.
Warning: fsck not present, so skipping root file system
[   51.411540] EXT4-fs (sda1): orphan cleanup on readonly fs
[   51.457393] EXT4-fs (sda1): 1 orphan inode deleted
[   51.475782] EXT4-fs (sda1): recovery complete
[   51.620983] random: nonblocking pool is initialized
[   51.752866] EXT4-fs (sda1): mounted filesystem with ordered data mode. Opts: (null)
done.
Begin: Running /scripts/local-bottom ... done.
Begin: Running /scripts/init-bottom ... done.
[   52.502785] systemd[1]: systemd 229 running in system mode. (+PAM +AUDIT +SELINUX +IMA +APPARMOR +SMACK +SYSVINIT +UTMP +LIBCRYPTSETUP +GCRYPT +GNUTLS +ACL +XZ -LZ4 +SECCOMP +BLKID +ELFUTILS +KMOD -IDN)
[   52.984782] systemd[1]: Detected virtualization oracle.
[   53.080038] systemd[1]: Detected architecture x86-64.

Welcome to [1mUbuntu 16.04.3 LTS[0m!

[   53.386262] systemd[1]: Set hostname to <ubuntu-xenial>.
[   54.170704] systemd[1]: Listening on /dev/initctl Compatibility Named Pipe.
[[0;32m  OK  [0m] Listening on /dev/initctl Compatibility Named Pipe.
[   54.476575] systemd[1]: Reached target User and Group Name Lookups.
[[0;32m  OK  [0m] Reached target User and Group Name Lookups.
[   54.720266] systemd[1]: Listening on udev Kernel Socket.
[[0;32m  OK  [0m] Listening on udev Kernel Socket.
[   54.944749] systemd[1]: Created slice User and Session Slice.
[[0;32m  OK  [0m] Created slice User and Session Slice.
[   55.108398] systemd[1]: Listening on LVM2 poll daemon socket.
[[0;32m  OK  [0m] Listening on LVM2 poll daemon socket.
[   55.344786] systemd[1]: Created slice System Slice.
[[0;32m  OK  [0m] Created slice System Slice.
[   55.540527] systemd[1]: Created slice system-serial\x2dgetty.slice.
[[0;32m  OK  [0m] Created slice system-serial\x2dgetty.slice.
[   55.804419] systemd[1]: Listening on udev Control Socket.
[[0;32m  OK  [0m] Listening on udev Control Socket.
[   56.032476] systemd[1]: Started Trigger resolvconf update for networkd DNS.
[[0;32m  OK  [0m] Started Trigger resolvconf update for networkd DNS.
[   56.328538] systemd[1]: Listening on Journal Socket.
[[0;32m  OK  [0m] Listening on Journal Socket.
[   56.516351] systemd[1]: Starting Uncomplicated firewall...
         Starting Uncomplicated firewall...
[   56.656405] systemd[1]: Starting Remount Root and Kernel File Systems...
         Starting Remount Root and Kernel File Systems...
[   56.863993] systemd[1]: Starting Nameserver information manager...
         [   57.025728] EXT4-fs (sda1): re-mounted. Opts: (null)
Starting Nameserver information manager...
[   57.196475] systemd[1]: Reached target Encrypted Volumes.
[[0;32m  OK  [0m] Reached target Encrypted Volumes.
[   57.428422] systemd[1]: Mounting POSIX Message Queue File System...
         Mounting POSIX Message Queue File System...
[   57.652458] systemd[1]: Reached target Swap.
[[0;32m  OK  [0m] Reached target Swap.
[   57.832058] systemd[1]: Starting Create list of required static device nodes for the current kernel...
         Starting Create list of required st... nodes for the current kernel...
[   58.200498] systemd[1]: Mounting Huge Pages File System...
         Mounting Huge Pages File System...
[   58.396933] systemd[1]: Set up automount Arbitrary Executable File Formats File System Automount Point.
[[0;32m  OK  [0m] Set up automount Arbitrary Executab...ats File System Automount Point.
[   58.784166] systemd[1]: Starting Set console keymap...
         Starting Set console keymap...
[   58.952320] systemd[1]: Listening on Journal Socket (/dev/log).
[[0;32m  OK  [0m] Listening on Journal Socket (/dev/log).
[   59.196181] systemd[1]: Reached target Slices.
[[0;32m  OK  [0m] Reached target Slices.
[   59.380355] systemd[1]: Listening on LVM2 metadata daemon socket.
[[0;32m  OK  [0m] Listening on LVM2 metadata daemon socket.
[   59.624389] systemd[1]: Listening on Device-mapper event daemon FIFOs.
[[0;32m  OK  [0m] Listening on Device-mapper event daemon FIFOs.
[   59.808242] systemd[1]: Starting Monitoring of LVM2 mirrors, snapshots etc. using dmeventd or progress polling...
         Starting Monitoring of LVM2 mirrors... dmeventd or progress polling...
[   60.099605] systemd[1]: Listening on Journal Audit Socket.
[[0;32m  OK  [0m] Listening on Journal Audit Socket.
[   60.264333] systemd[1]: Started Forward Password Requests to Wall Directory Watch.
[[0;32m  OK  [0m] Started Forward Password Requests to Wall Directory Watch.
[   60.480277] systemd[1]: Starting Load Kernel Modules...
[   60.617690] Loading iSCSI transport class v2.0-870.
         Startin[   60.770456] iscsi: registered transport (tcp)
g Load Kernel Modules...
[   60.872240] systemd[1]: Listening on Syslog Socket.
[[0;32m  OK  [[   61.026821] iscsi: registered transport (iser)
0m] Listening on Syslog Socket.
[   61.224448] systemd[1]: Starting Journal Service...
         Starting Journal Service...
[   61.408380] systemd[1]: Mounting Debug File System...
         Mounting Debug File System...
[   61.521198] systemd[1]: Mounted POSIX Message Queue File System.
[[0;32m  OK  [0m] Mounted POSIX Message Queue File System.
[   61.796623] systemd[1]: Mounted Debug File System.
[[0;32m  OK  [0m] Mounted Debug File System.
[   61.900579] systemd[1]: Mounted Huge Pages File System.
[[0;32m  OK  [0m] Mounted Huge Pages File System.
[   61.988578] systemd[1]: Started Journal Service.
[[0;32m  OK  [0m] Started Journal Service.
[[0;32m  OK  [0m] Started Uncomplicated firewall.
[[0;32m  OK  [0m] Started Remount Root and Kernel File Systems.
[[0;32m  OK  [0m] Started Create list of required sta...ce nodes for the current kernel.
[[0;32m  OK  [0m] Started Set console keymap.
[[0;32m  OK  [0m] Started Load Kernel Modules.
[[0;32m  OK  [0m] Started Nameserver information manager.
[[0;32m  OK  [0m] Started LVM2 metadata daemon.
         Starting Apply Kernel Variables...
         Mounting FUSE Control File System...
         Starting Create Static Device Nodes in /dev...
         Starting udev Coldplug all Devices...
         Starting Initial cloud-init job (pre-networking)...
         Starting Load/Save Random Seed...
         Starting Flush Journal to Persistent Storage...
[[0;32m  OK  [0m] Mounted FUSE Control File System.
[[0;32m  OK  [0m] Started Apply Kernel Variables.
[[0;32m  OK  [0m] Started Create Static Device Nodes in /dev.
[[0;32m  OK  [0m] Started Load/Save Random Seed.
[[0;32m  OK  [0m] Started Monitoring of LVM2 mirrors,...ng dmeventd or progress polling.
[[0;32m  OK  [0m] Started udev Coldplug all Devices.
         Starting udev Kernel Device Manager...
[[0;32m  OK  [0m] Started Flush Journal to Persistent Storage.
[[0;32m  OK  [0m] Started udev Kernel Device Manager.
[[0;32m  OK  [0m] Reached target Local File Systems (Pre).
[[0;32m  OK  [0m] Reached target Local File Systems.
         Starting Tell Plymouth To Write Out Runtime Data...
         Starting Set console font and keymap...
         Starting LSB: AppArmor initialization...
         Starting Create Volatile Files and Directories...
[[0;32m  OK  [0m] Started Dispatch Password Requests to Console Directory Watch.
[[0;32m  OK  [0m] Started Tell Plymouth To Write Out Runtime Data.
[[0;32m  OK  [0m] Started Create Volatile Files and Directories.
[[0;32m  OK  [0m] Found device /dev/ttyS0.
         Starting Update UTMP about System Boot/Shutdown...
[[0;32m  OK  [0m] Reached target System Time Synchronized.
[[0;32m  OK  [0m] Found device 82540EM Gigabit Ethern...r (PRO/1000 MT Desktop Adapter).
[[0;32m  OK  [0m] Started Update UTMP about System Boot/Shutdown.
[[0;32m  OK  [0m] Started Set console font and keymap.
[[0;32m  OK  [0m] Created slice system-getty.slice.
[[0;32m  OK  [0m] Listening on Load/Save RF Kill Switch Status /dev/rfkill Watch.
[[0;32m  OK  [0m] Started LSB: AppArmor initialization.
[   42.365052] cloud-init[451]: Cloud-init v. 17.1 running 'init-local' at Thu, 28 Dec 2017 09:56:48 +0000. Up 41.60 seconds.
[[0;32m  OK  [0m] Started Initial cloud-init job (pre-networking).
[[0;32m  OK  [0m] Reached target Network (Pre).
[[0;32m  OK  [0m] Started ifup for enp0s3.
         Starting Raise network interfaces...
[[0;32m  OK  [0m] Started Raise network interfaces.
[[0;32m  OK  [0m] Reached target Network.
         Starting Initial cloud-init job (metadata service crawler)...
[   44.861559] cloud-init[970]: Cloud-init v. 17.1 running 'init' at Thu, 28 Dec 2017 09:56:49 +0000. Up 43.26 seconds.
[   44.956486] [cloud-init[0;32m  OK  [0m[970]: ] ci-info: +++++++++++++++++++++++++++++++++++++Net device info++++++++++++++++++++++++++++++++++++++Started Initial cloud-init job (metadata service crawler).

[   44.956842] cloud-init[970]: ci-info: +--------+------+----------------------------+---------------+-------+-------------------+
[   45.268443] [cloud-init[0;32m  OK  [0m[970]: ] ci-info: | Device |  Up  |          Address           |      Mask     | Scope |     Hw-Address    |Reached target System Initialization.

[   45.268823] cloud-init[970]: ci-info: +--------+------+----------------------------+---------------+-------+-------------------+
[   45.552506] [cloud-init[0;32m  OK  [0m[970]: ] ci-info: | enp0s3 | True |         10.0.2.15          | 255.255.255.0 |   .   | 02:63:8e:2c:ef:cd |Started Timer to automatically refresh installed snaps.

[[0;32m  OK  [0m] Started Daily Cleanup of Temporary Directories.
[[0;32m  OK  [0m] Listening on ACPID Listen Socket.
[   45.552913] cloud-init[970]: ci-info: | enp0s3 | True | fe80::63:8eff:fe2c:efcd/64 |       .       |  link | 02:63:8e:2c:ef:cd |
[   45.948598]          cloud-initStarting Socket activation for snappy daemon.[970]: 
ci-info: |   lo   | True |         127.0.0.1          |   255.0.0.0   |   .   |         .         |
[   46.136542]          cloud-initStarting LXD - unix socket.[970]: 
ci-info: |   lo   | True |          ::1/128           |       .       |  host |         .         |
[   46.316585] [cloud-init[0;32m  OK  [0m[970]: ] ci-info: +--------+------+----------------------------+---------------+-------+-------------------+Listening on D-Bus System Message Bus Socket.

[[0;32m  OK  [0m] Listening on UUID daemon activation socket.
[   46.316958] cloud-init[970]: ci-info: +++++++++++++++++++++++++++Route IPv4 info++++++++++++++++++++++++++++
[   46.673118] [cloud-init[0;32m  OK  [0m[970]: ] ci-info: +-------+-------------+----------+---------------+-----------+-------+Started ACPI Events Check.

[[0;32m  OK  [0m] Reached target Paths.
[[0;32m  OK  [0m] Reached target Cloud-config availability.
[   46.673501] cloud-init[970]: ci-info: | Route | Destination | Gateway  |    Genmask    | Interface | Flags |
[[0;32m  OK  [0m] Reached target Network is Online.
[   46.817088] [cloud-init[0;32m  OK  [0m[970]: ] ci-info: +-------+-------------+----------+---------------+-----------+-------+Started Daily apt download activities.

[   47.172730] [cloud-init[0;32m  OK  [0m[970]: ] ci-info: |   0   |   0.0.0.0   | 10.0.2.2 |    0.0.0.0    |   enp0s3  |   UG  |Started Daily apt upgrade and clean activities.

[   47.324688] [cloud-init[0;32m  OK  [0m[970]: ] ci-info: |   1   |   10.0.2.0  | 0.0.0.0  | 255.255.255.0 |   enp0s3  |   U   |Reached target Timers.

[   47.325069] cloud-init[970]: ci-info: +-------+-------------+----------+---------------+-----------+-------+
         Starting iSCSI initiator daemon (iscsid)...
[[0;32m  OK  [0m] Listening on Socket activation for snappy daemon.
[[0;32m  OK  [0m] Listening on LXD - unix socket.
[[0;32m  OK  [0m] Reached target Sockets.
[[0;32m  OK  [0m] Reached target Basic System.
[[0;32m  OK  [0m] Started FUSE filesystem for LXC.
[[0;32m  OK  [0m] Started ACPI event daemon.
         Starting LSB: MD monitoring daemon...
[[0;32m  OK  [0m] Started Unattended Upgrades Shutdown.
         Starting LSB: Record successful boot for GRUB...
         Starting System Logging Service...
[[0;32m  OK  [0m] Started D-Bus System Message Bus.
[[0;32m  OK  [0m] Started Deferred execution scheduler.
         Starting LXD - container startup/shutdown...
         Starting /etc/rc.local Compatibility...
         Starting Apply the settings specified in cloud-config...
         Starting Accounts Service...
         Starting Login Service...
         Starting OpenBSD Secure Shell server...
         Starting Daily apt upgrade and clean activities...
[[0;32m  OK  [0m] Started Regular background program processing daemon.
         Starting Snappy daemon...
[[0;32m  OK  [0m] Started System Logging Service.
[[0;32m  OK  [0m] Started iSCSI initiator daemon (iscsid).
[[0;32m  OK  [0m] Started /etc/rc.local Compatibility.
         Starting Login to default iSCSI targets...
[[0;32m  OK  [0m] Started Login Service.
[[0;32m  OK  [0m] Started LSB: Record successful boot for GRUB.
[   50.802634] cloud-init[1058]: Cloud-init v. 17.1 running 'modules:config' at Thu, 28 Dec 2017 09:56:56 +0000. Up 49.59 seconds.
[[0;32m  OK  [0m] Started Login to default iSCSI targets.
[[0;32m  OK  [0m] Started LSB: MD monitoring daemon.
[[0;32m  OK  [0m] Started Apply the settings specified in cloud-config.
[[0;32m  OK  [0m] Reached target Remote File Systems (Pre).
[[0;32m  OK  [0m] Reached target Remote File Systems.
         Starting LSB: Set the CPU Frequency Scaling governor to "ondemand"...
         Starting LSB: daemon to balance interrupts for SMP systems...
         Starting Permit User Sessions...
         Starting LSB: automatic crash report generation...
         Starting LSB: VirtualBox Linux Additions...
[[0;32m  OK  [0m] Started OpenBSD Secure Shell server.
[[0;32m  OK  [0m] Started Permit User Sessions.
[[0;32m  OK  [0m] Started LSB: Set the CPU Frequency Scaling governor to "ondemand".
[[0;32m  OK  [0m] Started LSB: daemon to balance interrupts for SMP systems.
         Starting Authenticate and Authorize Users to Run Privileged Tasks...
         Starting Terminate Plymouth Boot Screen...
         Starting Hold until boot process finishes up...
[[0;32m  OK  [0m] Started LSB: automatic crash report generation.
[[0;32m  OK  [0m] Started Terminate Plymouth Boot Screen.
[[0;32m  OK  [0m] Started Hold until boot process finishes up.
[[0;32m  OK  [0m] Started Authenticate and Authorize Users to Run Privileged Tasks.
[[0;32m  OK  [0m] Started LXD - container startup/shutdown.
[[0;32m  OK  [0m] Started LSB: VirtualBox Linux Additions.
[[0;32m  OK  [0m] Started Accounts Service.
[[0;32m  OK  [0m] Started Getty on tty1.
[[0;32m  OK  [0m] Started Serial Getty on ttyS0.
[[0;32m  OK  [0m] Reached target Login Prompts.
         Starting Set console scheme...
[[0;32m  OK  [0m] Started Set console scheme.
[[0;32m  OK  [0m] Created slice User Slice of ubuntu.
         Starting User Manager for UID 1000...
[[0;32m  OK  [0m] Started Session 1 of user ubuntu.
[[0;32m  OK  [0m] Started Snappy daemon.
[[0;32m  OK  [0m] Started User Manager for UID 1000.
[[0;32m  OK  [0m] Reached target Multi-User System.
         Starting Execute cloud user/final scripts...
[[0;32m  OK  [0m] Reached target Graphical Interface.
         Starting Update UTMP about System Runlevel Changes...
[[0;32m  OK  [0m] Started Update UTMP about System Runlevel Changes.
[   54.294857] cloud-init[1218]: Cloud-init v. 17.1 running 'modules:final' at Thu, 28 Dec 2017 09:57:00 +0000. Up 53.81 seconds.
[   54.440544] cloud-init[1218]: Cloud-init v. 17.1 finished at Thu, 28 Dec 2017 09:57:00 +0000. Datasource DataSourceNoCloud [seed=/dev/sdb][dsmode=net].  Up 54.28 seconds
[[0;32m  OK  [0m] Started Execute cloud user/final scripts.
[[0;32m  OK  [0m] Reached target Cloud-init target.
[[0;32m  OK  [0m] Started Daily apt upgrade and clean activities.

Ubuntu 16.04.3 LTS ubuntu-xenial ttyS0

ubuntu-xenial login: 